This file contains any messages produced by compilers while
running configure, to aid debugging if configure makes a mistake.

It was created by speex configure 1.2.0, which was
generated by GNU Autoconf 2.69.  Invocation command line was

  $ ./configure --prefix=/Users/michael/Dropbox/MyProjects/python/speex-1.2.0

## --------- ##
## Platform. ##
## --------- ##

hostname = Michael-MacBook.local
uname -m = x86_64
uname -r = 15.6.0
uname -s = Darwin
uname -v = Darwin Kernel Version 15.6.0: Mon Jan  9 23:07:29 PST 2017; root:xnu-3248.60.11.2.1~1/RELEASE_X86_64

/usr/bin/uname -p = i386
/bin/uname -X     = unknown

/bin/arch              = unknown
/usr/bin/arch -k       = unknown
/usr/convex/getsysinfo = unknown
/usr/bin/hostinfo      = Mach kernel version:
	 Darwin Kernel Version 15.6.0: Mon Jan  9 23:07:29 PST 2017; root:xnu-3248.60.11.2.1~1/RELEASE_X86_64
Kernel configured for up to 4 processors.
2 processors are physically available.
4 processors are logically available.
Processor type: x86_64h (Intel x86-64h Haswell)
Processors active: 0 1 2 3
Primary memory available: 8.00 gigabytes
Default processor set: 281 tasks, 1553 threads, 4 processors
Load average: 4.17, Mach factor: 1.50
/bin/machine           = unknown
/usr/bin/oslevel       = unknown
/bin/universe          = unknown

PATH: /Applications/Developer/cocos2d-x-3.13.1/templates
PATH: /Applications/Developer
PATH: /Applications/Developer/cocos2d-x-3.13.1/tools/cocos2d-console/bin
PATH: /usr/local/bin
PATH: /Library/Frameworks/Python.framework/Versions/3.5/bin
PATH: /Library/Frameworks/Python.framework/Versions/2.7/bin
PATH: /Library/Frameworks/Python.framework/Versions/3.5/bin
PATH: /Library/Frameworks/Python.framework/Versions/2.7/bin
PATH: /opt/local/bin
PATH: /opt/local/sbin
PATH: /Library/Frameworks/Python.framework/Versions/2.7/bin
PATH: /usr/local/bin
PATH: /usr/bin
PATH: /bin
PATH: /usr/sbin
PATH: /sbin
PATH: /Library/Frameworks/Mono.framework/Versions/Current/Commands


## ----------- ##
## Core tests. ##
## ----------- ##

configure:2511: checking whether make supports nested variables
configure:2528: result: yes
configure:2600: checking for a BSD-compatible install
configure:2668: result: /usr/bin/install -c
configure:2679: checking whether build environment is sane
configure:2734: result: yes
configure:2885: checking for a thread-safe mkdir -p
configure:2924: result: ./install-sh -c -d
configure:2931: checking for gawk
configure:2961: result: no
configure:2931: checking for mawk
configure:2961: result: no
configure:2931: checking for nawk
configure:2961: result: no
configure:2931: checking for awk
configure:2947: found /usr/bin/awk
configure:2958: result: awk
configure:2969: checking whether make sets $(MAKE)
configure:2991: result: yes
configure:3116: checking whether to enable maintainer-specific portions of Makefiles
configure:3125: result: yes
configure:3143: checking build system type
configure:3157: result: x86_64-apple-darwin15.6.0
configure:3177: checking host system type
configure:3190: result: x86_64-apple-darwin15.6.0
configure:3559: checking how to print strings
configure:3586: result: printf
configure:3619: checking for style of include used by make
configure:3647: result: GNU
configure:3718: checking for gcc
configure:3734: found /usr/bin/gcc
configure:3745: result: gcc
configure:3974: checking for C compiler version
configure:3983: gcc --version >&5
Apple LLVM version 8.0.0 (clang-800.0.42.1)
Target: x86_64-apple-darwin15.6.0
Thread model: posix
InstalledDir: /Applications/Xcode.app/Contents/Developer/Toolchains/XcodeDefault.xctoolchain/usr/bin
Configured with: --prefix=/Applications/Xcode.app/Contents/Developer/usr --with-gxx-include-dir=/usr/include/c++/4.2.1
configure:3994: $? = 0
configure:3983: gcc -v >&5
Configured with: --prefix=/Applications/Xcode.app/Contents/Developer/usr --with-gxx-include-dir=/usr/include/c++/4.2.1
Apple LLVM version 8.0.0 (clang-800.0.42.1)
Target: x86_64-apple-darwin15.6.0
Thread model: posix
InstalledDir: /Applications/Xcode.app/Contents/Developer/Toolchains/XcodeDefault.xctoolchain/usr/bin
configure:3994: $? = 0
configure:3983: gcc -V >&5
clang: error: argument to '-V' is missing (expected 1 value)
clang: error: no input files
configure:3994: $? = 1
configure:3983: gcc -qversion >&5
clang: error: unknown argument: '-qversion'
clang: error: no input files
configure:3994: $? = 1
configure:4014: checking whether the C compiler works
configure:4036: gcc    conftest.c  >&5
configure:4040: $? = 0
configure:4088: result: yes
configure:4091: checking for C compiler default output file name
configure:4093: result: a.out
configure:4099: checking for suffix of executables
configure:4106: gcc -o conftest    conftest.c  >&5
configure:4110: $? = 0
configure:4132: result: 
configure:4154: checking whether we are cross compiling
configure:4162: gcc -o conftest    conftest.c  >&5
configure:4166: $? = 0
configure:4173: ./conftest
configure:4177: $? = 0
configure:4192: result: no
configure:4197: checking for suffix of object files
configure:4219: gcc -c   conftest.c >&5
configure:4223: $? = 0
configure:4244: result: o
configure:4248: checking whether we are using the GNU C compiler
configure:4267: gcc -c   conftest.c >&5
configure:4267: $? = 0
configure:4276: result: yes
configure:4285: checking whether gcc accepts -g
configure:4305: gcc -c -g  conftest.c >&5
configure:4305: $? = 0
configure:4346: result: yes
configure:4363: checking for gcc option to accept ISO C89
configure:4426: gcc  -c -g -O2  conftest.c >&5
configure:4426: $? = 0
configure:4439: result: none needed
configure:4464: checking whether gcc understands -c and -o together
configure:4486: gcc -c conftest.c -o conftest2.o
configure:4489: $? = 0
configure:4486: gcc -c conftest.c -o conftest2.o
configure:4489: $? = 0
configure:4501: result: yes
configure:4520: checking dependency style of gcc
configure:4631: result: gcc3
configure:4646: checking for a sed that does not truncate output
configure:4710: result: /usr/bin/sed
configure:4728: checking for grep that handles long lines and -e
configure:4786: result: /usr/bin/grep
configure:4791: checking for egrep
configure:4853: result: /usr/bin/grep -E
configure:4858: checking for fgrep
configure:4920: result: /usr/bin/grep -F
configure:4955: checking for ld used by gcc
configure:5022: result: /Applications/Xcode.app/Contents/Developer/Toolchains/XcodeDefault.xctoolchain/usr/bin/ld
configure:5029: checking if the linker (/Applications/Xcode.app/Contents/Developer/Toolchains/XcodeDefault.xctoolchain/usr/bin/ld) is GNU ld
configure:5044: result: no
configure:5056: checking for BSD- or MS-compatible name lister (nm)
configure:5110: result: /usr/bin/nm -B
configure:5240: checking the name lister (/usr/bin/nm -B) interface
configure:5247: gcc -c -g -O2  conftest.c >&5
configure:5250: /usr/bin/nm -B "conftest.o"
configure:5253: output
0000000000000208 S _some_variable
configure:5260: result: BSD nm
configure:5263: checking whether ln -s works
configure:5267: result: yes
configure:5275: checking the maximum length of command line arguments
configure:5406: result: 196608
configure:5454: checking how to convert x86_64-apple-darwin15.6.0 file names to x86_64-apple-darwin15.6.0 format
configure:5494: result: func_convert_file_noop
configure:5501: checking how to convert x86_64-apple-darwin15.6.0 file names to toolchain format
configure:5521: result: func_convert_file_noop
configure:5528: checking for /Applications/Xcode.app/Contents/Developer/Toolchains/XcodeDefault.xctoolchain/usr/bin/ld option to reload object files
configure:5535: result: -r
configure:5609: checking for objdump
configure:5636: result: objdump
configure:5665: checking how to recognize dependent libraries
configure:5865: result: pass_all
configure:5950: checking for dlltool
configure:5977: result: dlltool
configure:6007: checking how to associate runtime and link libraries
configure:6034: result: printf %s\n
configure:6095: checking for ar
configure:6111: found /opt/local/bin/ar
configure:6122: result: ar
configure:6159: checking for archiver @FILE support
configure:6176: gcc -c -g -O2  conftest.c >&5
configure:6176: $? = 0
configure:6179: ar cru libconftest.a @conftest.lst >&5
ar: @conftest.lst: No such file or directory
configure:6182: $? = 1
configure:6202: result: no
configure:6260: checking for strip
configure:6276: found /opt/local/bin/strip
configure:6287: result: strip
configure:6359: checking for ranlib
configure:6375: found /opt/local/bin/ranlib
configure:6386: result: ranlib
configure:6488: checking command to parse /usr/bin/nm -B output from gcc object
configure:6641: gcc -c -g -O2  conftest.c >&5
configure:6644: $? = 0
configure:6648: /usr/bin/nm -B conftest.o \| sed -n -e 's/^.*[ ]\([BCDEGRST][BCDEGRST]*\)[ ][ ]*\([_A-Za-z][_A-Za-z0-9]*\)$/\1 \2 \2/p' | sed '/ __gnu_lto/d' \> conftest.nm
configure:6651: $? = 0
cannot find nm_test_var in conftest.nm
configure:6641: gcc -c -g -O2  conftest.c >&5
configure:6644: $? = 0
configure:6648: /usr/bin/nm -B conftest.o \| sed -n -e 's/^.*[ ]\([BCDEGRST][BCDEGRST]*\)[ ][ ]*_\([_A-Za-z][_A-Za-z0-9]*\)$/\1 _\2 \2/p' | sed '/ __gnu_lto/d' \> conftest.nm
configure:6651: $? = 0
configure:6717: gcc -o conftest -g -O2   conftest.c conftstm.o >&5
warning: (x86_64)  could not find object file symbol for symbol _main
configure:6720: $? = 0
configure:6758: result: ok
configure:6805: checking for sysroot
configure:6835: result: no
configure:6842: checking for a working dd
configure:6880: result: /bin/dd
configure:6884: checking how to truncate binary pipes
configure:6899: result: /bin/dd bs=4096 count=1
configure:7228: checking for mt
configure:7258: result: no
configure:7278: checking if : is a manifest tool
configure:7284: : '-?'
configure:7292: result: no
configure:7348: checking for dsymutil
configure:7364: found /usr/bin/dsymutil
configure:7375: result: dsymutil
configure:7440: checking for nmedit
configure:7456: found /opt/local/bin/nmedit
configure:7467: result: nmedit
configure:7532: checking for lipo
configure:7548: found /opt/local/bin/lipo
configure:7559: result: lipo
configure:7624: checking for otool
configure:7640: found /opt/local/bin/otool
configure:7651: result: otool
configure:7716: checking for otool64
configure:7746: result: no
configure:7791: checking for -single_module linker flag
gcc -g -O2  -o libconftest.dylib -dynamiclib -Wl,-single_module conftest.c
configure:7824: result: yes
configure:7827: checking for -exported_symbols_list linker flag
configure:7847: gcc -o conftest -g -O2   -Wl,-exported_symbols_list,conftest.sym conftest.c  >&5
configure:7847: $? = 0
configure:7857: result: yes
configure:7860: checking for -force_load linker flag
gcc -g -O2 -c -o conftest.o conftest.c
ar cru libconftest.a conftest.o
ranlib libconftest.a
gcc -g -O2  -o conftest conftest.c -Wl,-force_load,./libconftest.a
configure:7892: result: yes
configure:7969: checking how to run the C preprocessor
configure:8000: gcc -E  conftest.c
configure:8000: $? = 0
configure:8014: gcc -E  conftest.c
conftest.c:9:10: fatal error: 'ac_nonexistent.h' file not found
#include <ac_nonexistent.h>
         ^
1 error generated.
configure:8014: $? = 1
configure: failed program was:
| /* confdefs.h */
| #define PACKAGE_NAME "speex"
| #define PACKAGE_TARNAME "speex"
| #define PACKAGE_VERSION "1.2.0"
| #define PACKAGE_STRING "speex 1.2.0"
| #define PACKAGE_BUGREPORT "speex-dev@xiph.org"
| #define PACKAGE_URL ""
| /* end confdefs.h.  */
| #include <ac_nonexistent.h>
configure:8039: result: gcc -E
configure:8059: gcc -E  conftest.c
configure:8059: $? = 0
configure:8073: gcc -E  conftest.c
conftest.c:9:10: fatal error: 'ac_nonexistent.h' file not found
#include <ac_nonexistent.h>
         ^
1 error generated.
configure:8073: $? = 1
configure: failed program was:
| /* confdefs.h */
| #define PACKAGE_NAME "speex"
| #define PACKAGE_TARNAME "speex"
| #define PACKAGE_VERSION "1.2.0"
| #define PACKAGE_STRING "speex 1.2.0"
| #define PACKAGE_BUGREPORT "speex-dev@xiph.org"
| #define PACKAGE_URL ""
| /* end confdefs.h.  */
| #include <ac_nonexistent.h>
configure:8102: checking for ANSI C header files
configure:8122: gcc -c -g -O2  conftest.c >&5
configure:8122: $? = 0
configure:8195: gcc -o conftest -g -O2   conftest.c  >&5
configure:8195: $? = 0
configure:8195: ./conftest
configure:8195: $? = 0
configure:8206: result: yes
configure:8219: checking for sys/types.h
configure:8219: gcc -c -g -O2  conftest.c >&5
configure:8219: $? = 0
configure:8219: result: yes
configure:8219: checking for sys/stat.h
configure:8219: gcc -c -g -O2  conftest.c >&5
configure:8219: $? = 0
configure:8219: result: yes
configure:8219: checking for stdlib.h
configure:8219: gcc -c -g -O2  conftest.c >&5
configure:8219: $? = 0
configure:8219: result: yes
configure:8219: checking for string.h
configure:8219: gcc -c -g -O2  conftest.c >&5
configure:8219: $? = 0
configure:8219: result: yes
configure:8219: checking for memory.h
configure:8219: gcc -c -g -O2  conftest.c >&5
configure:8219: $? = 0
configure:8219: result: yes
configure:8219: checking for strings.h
configure:8219: gcc -c -g -O2  conftest.c >&5
configure:8219: $? = 0
configure:8219: result: yes
configure:8219: checking for inttypes.h
configure:8219: gcc -c -g -O2  conftest.c >&5
configure:8219: $? = 0
configure:8219: result: yes
configure:8219: checking for stdint.h
configure:8219: gcc -c -g -O2  conftest.c >&5
configure:8219: $? = 0
configure:8219: result: yes
configure:8219: checking for unistd.h
configure:8219: gcc -c -g -O2  conftest.c >&5
configure:8219: $? = 0
configure:8219: result: yes
configure:8233: checking for dlfcn.h
configure:8233: gcc -c -g -O2  conftest.c >&5
configure:8233: $? = 0
configure:8233: result: yes
configure:8487: checking for objdir
configure:8502: result: .libs
configure:8766: checking if gcc supports -fno-rtti -fno-exceptions
configure:8784: gcc -c -g -O2  -fno-rtti -fno-exceptions conftest.c >&5
configure:8788: $? = 0
configure:8801: result: yes
configure:9159: checking for gcc option to produce PIC
configure:9166: result: -fno-common -DPIC
configure:9174: checking if gcc PIC flag -fno-common -DPIC works
configure:9192: gcc -c -g -O2  -fno-common -DPIC -DPIC conftest.c >&5
configure:9196: $? = 0
configure:9209: result: yes
configure:9238: checking if gcc static flag -static works
configure:9266: result: no
configure:9281: checking if gcc supports -c -o file.o
configure:9302: gcc -c -g -O2  -o out/conftest2.o conftest.c >&5
configure:9306: $? = 0
configure:9328: result: yes
configure:9336: checking if gcc supports -c -o file.o
configure:9383: result: yes
configure:9416: checking whether the gcc linker (/Applications/Xcode.app/Contents/Developer/Toolchains/XcodeDefault.xctoolchain/usr/bin/ld) supports shared libraries
configure:10679: result: yes
configure:10919: checking dynamic linker characteristics
configure:11749: result: darwin15.6.0 dyld
configure:11871: checking how to hardcode library paths into programs
configure:11896: result: immediate
configure:12444: checking whether stripping libraries is possible
configure:12458: result: yes
configure:12484: checking if libtool supports shared libraries
configure:12486: result: yes
configure:12489: checking whether to build shared libraries
configure:12514: result: yes
configure:12517: checking whether to build static libraries
configure:12521: result: yes
configure:12559: checking whether byte ordering is bigendian
configure:12574: gcc -c -g -O2  conftest.c >&5
configure:12574: $? = 0
configure:12619: gcc -c -g -O2  conftest.c >&5
configure:12619: $? = 0
configure:12637: gcc -c -g -O2  conftest.c >&5
conftest.c:28:4: error: use of undeclared identifier 'not'
                 not big endian
                 ^
1 error generated.
configure:12637: $? = 1
configure: failed program was:
| /* confdefs.h */
| #define PACKAGE_NAME "speex"
| #define PACKAGE_TARNAME "speex"
| #define PACKAGE_VERSION "1.2.0"
| #define PACKAGE_STRING "speex 1.2.0"
| #define PACKAGE_BUGREPORT "speex-dev@xiph.org"
| #define PACKAGE_URL ""
| #define STDC_HEADERS 1
| #define HAVE_SYS_TYPES_H 1
| #define HAVE_SYS_STAT_H 1
| #define HAVE_STDLIB_H 1
| #define HAVE_STRING_H 1
| #define HAVE_MEMORY_H 1
| #define HAVE_STRINGS_H 1
| #define HAVE_INTTYPES_H 1
| #define HAVE_STDINT_H 1
| #define HAVE_UNISTD_H 1
| #define HAVE_DLFCN_H 1
| #define LT_OBJDIR ".libs/"
| /* end confdefs.h.  */
| #include <sys/types.h>
| 		#include <sys/param.h>
| 
| int
| main ()
| {
| #if BYTE_ORDER != BIG_ENDIAN
| 		 not big endian
| 		#endif
| 
|   ;
|   return 0;
| }
configure:12765: result: no
configure:12783: checking for an ANSI C-conforming const
configure:12849: gcc -c -g -O2  conftest.c >&5
configure:12849: $? = 0
configure:12856: result: yes
configure:12864: checking for inline
configure:12880: gcc -c -g -O2  conftest.c >&5
configure:12880: $? = 0
configure:12888: result: inline
configure:12906: checking for C/C++ restrict keyword
configure:12931: gcc -c -g -O2  conftest.c >&5
configure:12931: $? = 0
configure:12939: result: __restrict
configure:12954: checking for C99 variable-size arrays
configure:12971: gcc -c -g -O2  conftest.c >&5
configure:12971: $? = 0
configure:12981: result: yes
configure:12987: checking alloca.h usability
configure:12987: gcc -c -g -O2  conftest.c >&5
configure:12987: $? = 0
configure:12987: result: yes
configure:12987: checking alloca.h presence
configure:12987: gcc -E  conftest.c
configure:12987: $? = 0
configure:12987: result: yes
configure:12987: checking for alloca.h
configure:12987: result: yes
configure:12987: checking getopt.h usability
configure:12987: gcc -c -g -O2  conftest.c >&5
configure:12987: $? = 0
configure:12987: result: yes
configure:12987: checking getopt.h presence
configure:12987: gcc -E  conftest.c
configure:12987: $? = 0
configure:12987: result: yes
configure:12987: checking for getopt.h
configure:12987: result: yes
configure:12997: checking for alloca
configure:13018: gcc -c -g -O2  conftest.c >&5
configure:13018: $? = 0
configure:13032: result: yes
configure:13035: checking for SSE in current arch/CFLAGS
configure:13054: gcc -o conftest -g -O2   conftest.c  >&5
configure:13054: $? = 0
configure:13066: result: yes
configure:13071: checking for ELF visibility
configure:13089: gcc -c -g -O2 -fvisibility=hidden  conftest.c >&5
configure:13089: $? = 0
configure:13107: result: yes
configure:13113: checking sys/soundcard.h usability
configure:13113: gcc -c -g -O2 -fvisibility=hidden  conftest.c >&5
conftest.c:59:10: fatal error: 'sys/soundcard.h' file not found
#include <sys/soundcard.h>
         ^
1 error generated.
configure:13113: $? = 1
configure: failed program was:
| /* confdefs.h */
| #define PACKAGE_NAME "speex"
| #define PACKAGE_TARNAME "speex"
| #define PACKAGE_VERSION "1.2.0"
| #define PACKAGE_STRING "speex 1.2.0"
| #define PACKAGE_BUGREPORT "speex-dev@xiph.org"
| #define PACKAGE_URL ""
| #define STDC_HEADERS 1
| #define HAVE_SYS_TYPES_H 1
| #define HAVE_SYS_STAT_H 1
| #define HAVE_STDLIB_H 1
| #define HAVE_STRING_H 1
| #define HAVE_MEMORY_H 1
| #define HAVE_STRINGS_H 1
| #define HAVE_INTTYPES_H 1
| #define HAVE_STDINT_H 1
| #define HAVE_UNISTD_H 1
| #define HAVE_DLFCN_H 1
| #define LT_OBJDIR ".libs/"
| #define restrict __restrict
| #define VAR_ARRAYS /**/
| #define HAVE_ALLOCA_H 1
| #define HAVE_GETOPT_H 1
| #define EXPORT __attribute__((visibility("default")))
| /* end confdefs.h.  */
| #include <stdio.h>
| #ifdef HAVE_SYS_TYPES_H
| # include <sys/types.h>
| #endif
| #ifdef HAVE_SYS_STAT_H
| # include <sys/stat.h>
| #endif
| #ifdef STDC_HEADERS
| # include <stdlib.h>
| # include <stddef.h>
| #else
| # ifdef HAVE_STDLIB_H
| #  include <stdlib.h>
| # endif
| #endif
| #ifdef HAVE_STRING_H
| # if !defined STDC_HEADERS && defined HAVE_MEMORY_H
| #  include <memory.h>
| # endif
| # include <string.h>
| #endif
| #ifdef HAVE_STRINGS_H
| # include <strings.h>
| #endif
| #ifdef HAVE_INTTYPES_H
| # include <inttypes.h>
| #endif
| #ifdef HAVE_STDINT_H
| # include <stdint.h>
| #endif
| #ifdef HAVE_UNISTD_H
| # include <unistd.h>
| #endif
| #include <sys/soundcard.h>
configure:13113: result: no
configure:13113: checking sys/soundcard.h presence
configure:13113: gcc -E  conftest.c
conftest.c:26:10: fatal error: 'sys/soundcard.h' file not found
#include <sys/soundcard.h>
         ^
1 error generated.
configure:13113: $? = 1
configure: failed program was:
| /* confdefs.h */
| #define PACKAGE_NAME "speex"
| #define PACKAGE_TARNAME "speex"
| #define PACKAGE_VERSION "1.2.0"
| #define PACKAGE_STRING "speex 1.2.0"
| #define PACKAGE_BUGREPORT "speex-dev@xiph.org"
| #define PACKAGE_URL ""
| #define STDC_HEADERS 1
| #define HAVE_SYS_TYPES_H 1
| #define HAVE_SYS_STAT_H 1
| #define HAVE_STDLIB_H 1
| #define HAVE_STRING_H 1
| #define HAVE_MEMORY_H 1
| #define HAVE_STRINGS_H 1
| #define HAVE_INTTYPES_H 1
| #define HAVE_STDINT_H 1
| #define HAVE_UNISTD_H 1
| #define HAVE_DLFCN_H 1
| #define LT_OBJDIR ".libs/"
| #define restrict __restrict
| #define VAR_ARRAYS /**/
| #define HAVE_ALLOCA_H 1
| #define HAVE_GETOPT_H 1
| #define EXPORT __attribute__((visibility("default")))
| /* end confdefs.h.  */
| #include <sys/soundcard.h>
configure:13113: result: no
configure:13113: checking for sys/soundcard.h
configure:13113: result: no
configure:13113: checking sys/audioio.h usability
configure:13113: gcc -c -g -O2 -fvisibility=hidden  conftest.c >&5
conftest.c:59:10: fatal error: 'sys/audioio.h' file not found
#include <sys/audioio.h>
         ^
1 error generated.
configure:13113: $? = 1
configure: failed program was:
| /* confdefs.h */
| #define PACKAGE_NAME "speex"
| #define PACKAGE_TARNAME "speex"
| #define PACKAGE_VERSION "1.2.0"
| #define PACKAGE_STRING "speex 1.2.0"
| #define PACKAGE_BUGREPORT "speex-dev@xiph.org"
| #define PACKAGE_URL ""
| #define STDC_HEADERS 1
| #define HAVE_SYS_TYPES_H 1
| #define HAVE_SYS_STAT_H 1
| #define HAVE_STDLIB_H 1
| #define HAVE_STRING_H 1
| #define HAVE_MEMORY_H 1
| #define HAVE_STRINGS_H 1
| #define HAVE_INTTYPES_H 1
| #define HAVE_STDINT_H 1
| #define HAVE_UNISTD_H 1
| #define HAVE_DLFCN_H 1
| #define LT_OBJDIR ".libs/"
| #define restrict __restrict
| #define VAR_ARRAYS /**/
| #define HAVE_ALLOCA_H 1
| #define HAVE_GETOPT_H 1
| #define EXPORT __attribute__((visibility("default")))
| /* end confdefs.h.  */
| #include <stdio.h>
| #ifdef HAVE_SYS_TYPES_H
| # include <sys/types.h>
| #endif
| #ifdef HAVE_SYS_STAT_H
| # include <sys/stat.h>
| #endif
| #ifdef STDC_HEADERS
| # include <stdlib.h>
| # include <stddef.h>
| #else
| # ifdef HAVE_STDLIB_H
| #  include <stdlib.h>
| # endif
| #endif
| #ifdef HAVE_STRING_H
| # if !defined STDC_HEADERS && defined HAVE_MEMORY_H
| #  include <memory.h>
| # endif
| # include <string.h>
| #endif
| #ifdef HAVE_STRINGS_H
| # include <strings.h>
| #endif
| #ifdef HAVE_INTTYPES_H
| # include <inttypes.h>
| #endif
| #ifdef HAVE_STDINT_H
| # include <stdint.h>
| #endif
| #ifdef HAVE_UNISTD_H
| # include <unistd.h>
| #endif
| #include <sys/audioio.h>
configure:13113: result: no
configure:13113: checking sys/audioio.h presence
configure:13113: gcc -E  conftest.c
conftest.c:26:10: fatal error: 'sys/audioio.h' file not found
#include <sys/audioio.h>
         ^
1 error generated.
configure:13113: $? = 1
configure: failed program was:
| /* confdefs.h */
| #define PACKAGE_NAME "speex"
| #define PACKAGE_TARNAME "speex"
| #define PACKAGE_VERSION "1.2.0"
| #define PACKAGE_STRING "speex 1.2.0"
| #define PACKAGE_BUGREPORT "speex-dev@xiph.org"
| #define PACKAGE_URL ""
| #define STDC_HEADERS 1
| #define HAVE_SYS_TYPES_H 1
| #define HAVE_SYS_STAT_H 1
| #define HAVE_STDLIB_H 1
| #define HAVE_STRING_H 1
| #define HAVE_MEMORY_H 1
| #define HAVE_STRINGS_H 1
| #define HAVE_INTTYPES_H 1
| #define HAVE_STDINT_H 1
| #define HAVE_UNISTD_H 1
| #define HAVE_DLFCN_H 1
| #define LT_OBJDIR ".libs/"
| #define restrict __restrict
| #define VAR_ARRAYS /**/
| #define HAVE_ALLOCA_H 1
| #define HAVE_GETOPT_H 1
| #define EXPORT __attribute__((visibility("default")))
| /* end confdefs.h.  */
| #include <sys/audioio.h>
configure:13113: result: no
configure:13113: checking for sys/audioio.h
configure:13113: result: no
configure:13260: checking for getopt_long
configure:13260: gcc -o conftest -g -O2 -fvisibility=hidden   conftest.c  >&5
configure:13260: $? = 0
configure:13260: result: yes
configure:13479: checking for pkg-config
configure:13497: found /usr/local/bin/pkg-config
configure:13509: result: /usr/local/bin/pkg-config
configure:13534: checking pkg-config is at least version 0.9.0
configure:13537: result: yes
configure:13547: checking for OGG
configure:13554: $PKG_CONFIG --exists --print-errors "ogg"
Package ogg was not found in the pkg-config search path.
Perhaps you should add the directory containing `ogg.pc'
to the PKG_CONFIG_PATH environment variable
No package 'ogg' found
configure:13557: $? = 1
configure:13571: $PKG_CONFIG --exists --print-errors "ogg"
Package ogg was not found in the pkg-config search path.
Perhaps you should add the directory containing `ogg.pc'
to the PKG_CONFIG_PATH environment variable
No package 'ogg' found
configure:13574: $? = 1
configure:13588: result: no
No package 'ogg' found
configure:13918: checking for SPEEXDSP
configure:13925: $PKG_CONFIG --exists --print-errors "speexdsp"
Package speexdsp was not found in the pkg-config search path.
Perhaps you should add the directory containing `speexdsp.pc'
to the PKG_CONFIG_PATH environment variable
No package 'speexdsp' found
configure:13928: $? = 1
configure:13942: $PKG_CONFIG --exists --print-errors "speexdsp"
Package speexdsp was not found in the pkg-config search path.
Perhaps you should add the directory containing `speexdsp.pc'
to the PKG_CONFIG_PATH environment variable
No package 'speexdsp' found
configure:13945: $? = 1
configure:13959: result: no
No package 'speexdsp' found
configure:13995: checking size of int16_t
configure:14000: gcc -o conftest -g -O2 -fvisibility=hidden   conftest.c  >&5
configure:14000: $? = 0
configure:14000: ./conftest
configure:14000: $? = 0
configure:14014: result: 2
configure:14028: checking size of uint16_t
configure:14033: gcc -o conftest -g -O2 -fvisibility=hidden   conftest.c  >&5
configure:14033: $? = 0
configure:14033: ./conftest
configure:14033: $? = 0
configure:14047: result: 2
configure:14061: checking size of u_int16_t
configure:14066: gcc -o conftest -g -O2 -fvisibility=hidden   conftest.c  >&5
configure:14066: $? = 0
configure:14066: ./conftest
configure:14066: $? = 0
configure:14080: result: 2
configure:14094: checking size of int32_t
configure:14099: gcc -o conftest -g -O2 -fvisibility=hidden   conftest.c  >&5
configure:14099: $? = 0
configure:14099: ./conftest
configure:14099: $? = 0
configure:14113: result: 4
configure:14127: checking size of uint32_t
configure:14132: gcc -o conftest -g -O2 -fvisibility=hidden   conftest.c  >&5
configure:14132: $? = 0
configure:14132: ./conftest
configure:14132: $? = 0
configure:14146: result: 4
configure:14160: checking size of u_int32_t
configure:14165: gcc -o conftest -g -O2 -fvisibility=hidden   conftest.c  >&5
configure:14165: $? = 0
configure:14165: ./conftest
configure:14165: $? = 0
configure:14179: result: 4
configure:14193: checking size of short
configure:14198: gcc -o conftest -g -O2 -fvisibility=hidden   conftest.c  >&5
configure:14198: $? = 0
configure:14198: ./conftest
configure:14198: $? = 0
configure:14212: result: 2
configure:14226: checking size of int
configure:14231: gcc -o conftest -g -O2 -fvisibility=hidden   conftest.c  >&5
configure:14231: $? = 0
configure:14231: ./conftest
configure:14231: $? = 0
configure:14245: result: 4
configure:14259: checking size of long
configure:14264: gcc -o conftest -g -O2 -fvisibility=hidden   conftest.c  >&5
configure:14264: $? = 0
configure:14264: ./conftest
configure:14264: $? = 0
configure:14278: result: 8
configure:14329: checking if gcc accepts -Wall
configure:14346: gcc -o conftest -Wall   conftest.c  >&5
configure:14346: $? = 0
configure:14347: result: yes
configure:14504: checking that generated files are newer than configure
configure:14510: result: done
configure:14562: creating ./config.status

## ---------------------- ##
## Running config.status. ##
## ---------------------- ##

This file was extended by speex config.status 1.2.0, which was
generated by GNU Autoconf 2.69.  Invocation command line was

  CONFIG_FILES    = 
  CONFIG_HEADERS  = 
  CONFIG_LINKS    = 
  CONFIG_COMMANDS = 
  $ ./config.status 

on Michael-MacBook.local

config.status:1168: creating Makefile
config.status:1168: creating libspeex/Makefile
config.status:1168: creating src/Makefile
config.status:1168: creating doc/Makefile
config.status:1168: creating Speex.spec
config.status:1168: creating include/Makefile
config.status:1168: creating include/speex/Makefile
config.status:1168: creating speex.pc
config.status:1168: creating win32/Makefile
config.status:1168: creating win32/libspeex/Makefile
config.status:1168: creating win32/speexenc/Makefile
config.status:1168: creating win32/speexdec/Makefile
config.status:1168: creating symbian/Makefile
config.status:1168: creating win32/VS2003/Makefile
config.status:1168: creating win32/VS2003/tests/Makefile
config.status:1168: creating win32/VS2003/libspeex/Makefile
config.status:1168: creating win32/VS2003/speexdec/Makefile
config.status:1168: creating win32/VS2003/speexenc/Makefile
config.status:1168: creating win32/VS2005/Makefile
config.status:1168: creating win32/VS2005/libspeex/Makefile
config.status:1168: creating win32/VS2005/speexdec/Makefile
config.status:1168: creating win32/VS2005/speexenc/Makefile
config.status:1168: creating win32/VS2005/tests/Makefile
config.status:1168: creating win32/VS2008/Makefile
config.status:1168: creating win32/VS2008/speexdec/Makefile
config.status:1168: creating win32/VS2008/tests/Makefile
config.status:1168: creating win32/VS2008/libspeex/Makefile
config.status:1168: creating win32/VS2008/speexenc/Makefile
config.status:1168: creating include/speex/speex_config_types.h
config.status:1168: creating ti/Makefile
config.status:1168: creating ti/speex_C54_test/Makefile
config.status:1168: creating ti/speex_C55_test/Makefile
config.status:1168: creating ti/speex_C64_test/Makefile
config.status:1168: creating config.h
config.status:1349: config.h is unchanged
config.status:1397: executing depfiles commands
config.status:1397: executing libtool commands

## ---------------- ##
## Cache variables. ##
## ---------------- ##

ac_cv_build=x86_64-apple-darwin15.6.0
ac_cv_c_bigendian=no
ac_cv_c_compiler_gnu=yes
ac_cv_c_const=yes
ac_cv_c_inline=inline
ac_cv_c_restrict=__restrict
ac_cv_env_CC_set=
ac_cv_env_CC_value=
ac_cv_env_CFLAGS_set=
ac_cv_env_CFLAGS_value=
ac_cv_env_CPPFLAGS_set=
ac_cv_env_CPPFLAGS_value=
ac_cv_env_CPP_set=
ac_cv_env_CPP_value=
ac_cv_env_FFT_CFLAGS_set=
ac_cv_env_FFT_CFLAGS_value=
ac_cv_env_FFT_LIBS_set=
ac_cv_env_FFT_LIBS_value=
ac_cv_env_LDFLAGS_set=
ac_cv_env_LDFLAGS_value=
ac_cv_env_LIBS_set=
ac_cv_env_LIBS_value=
ac_cv_env_LT_SYS_LIBRARY_PATH_set=
ac_cv_env_LT_SYS_LIBRARY_PATH_value=
ac_cv_env_OGG_CFLAGS_set=
ac_cv_env_OGG_CFLAGS_value=
ac_cv_env_OGG_LIBS_set=
ac_cv_env_OGG_LIBS_value=
ac_cv_env_PKG_CONFIG_LIBDIR_set=
ac_cv_env_PKG_CONFIG_LIBDIR_value=
ac_cv_env_PKG_CONFIG_PATH_set=
ac_cv_env_PKG_CONFIG_PATH_value=
ac_cv_env_PKG_CONFIG_set=
ac_cv_env_PKG_CONFIG_value=
ac_cv_env_SPEEXDSP_CFLAGS_set=
ac_cv_env_SPEEXDSP_CFLAGS_value=
ac_cv_env_SPEEXDSP_LIBS_set=
ac_cv_env_SPEEXDSP_LIBS_value=
ac_cv_env_build_alias_set=
ac_cv_env_build_alias_value=
ac_cv_env_host_alias_set=
ac_cv_env_host_alias_value=
ac_cv_env_target_alias_set=
ac_cv_env_target_alias_value=
ac_cv_func_getopt_long=yes
ac_cv_header_alloca_h=yes
ac_cv_header_dlfcn_h=yes
ac_cv_header_getopt_h=yes
ac_cv_header_inttypes_h=yes
ac_cv_header_memory_h=yes
ac_cv_header_stdc=yes
ac_cv_header_stdint_h=yes
ac_cv_header_stdlib_h=yes
ac_cv_header_string_h=yes
ac_cv_header_strings_h=yes
ac_cv_header_sys_audioio_h=no
ac_cv_header_sys_soundcard_h=no
ac_cv_header_sys_stat_h=yes
ac_cv_header_sys_types_h=yes
ac_cv_header_unistd_h=yes
ac_cv_host=x86_64-apple-darwin15.6.0
ac_cv_objext=o
ac_cv_path_EGREP='/usr/bin/grep -E'
ac_cv_path_FGREP='/usr/bin/grep -F'
ac_cv_path_GREP=/usr/bin/grep
ac_cv_path_SED=/usr/bin/sed
ac_cv_path_ac_pt_PKG_CONFIG=/usr/local/bin/pkg-config
ac_cv_path_install='/usr/bin/install -c'
ac_cv_path_lt_DD=/bin/dd
ac_cv_prog_AWK=awk
ac_cv_prog_CPP='gcc -E'
ac_cv_prog_ac_ct_AR=ar
ac_cv_prog_ac_ct_CC=gcc
ac_cv_prog_ac_ct_DLLTOOL=dlltool
ac_cv_prog_ac_ct_DSYMUTIL=dsymutil
ac_cv_prog_ac_ct_LIPO=lipo
ac_cv_prog_ac_ct_NMEDIT=nmedit
ac_cv_prog_ac_ct_OBJDUMP=objdump
ac_cv_prog_ac_ct_OTOOL=otool
ac_cv_prog_ac_ct_RANLIB=ranlib
ac_cv_prog_ac_ct_STRIP=strip
ac_cv_prog_cc_c89=
ac_cv_prog_cc_g=yes
ac_cv_prog_make_make_set=yes
ac_cv_sizeof_int16_t=2
ac_cv_sizeof_int32_t=4
ac_cv_sizeof_int=4
ac_cv_sizeof_long=8
ac_cv_sizeof_short=2
ac_cv_sizeof_u_int16_t=2
ac_cv_sizeof_u_int32_t=4
ac_cv_sizeof_uint16_t=2
ac_cv_sizeof_uint32_t=4
am_cv_CC_dependencies_compiler_type=gcc3
am_cv_make_support_nested_variables=yes
am_cv_prog_cc_c_o=yes
lt_cv_apple_cc_single_mod=yes
lt_cv_ar_at_file=no
lt_cv_deplibs_check_method=pass_all
lt_cv_file_magic_cmd='$MAGIC_CMD'
lt_cv_file_magic_test_file=
lt_cv_ld_exported_symbols_list=yes
lt_cv_ld_force_load=yes
lt_cv_ld_reload_flag=-r
lt_cv_nm_interface='BSD nm'
lt_cv_objdir=.libs
lt_cv_path_LD=/Applications/Xcode.app/Contents/Developer/Toolchains/XcodeDefault.xctoolchain/usr/bin/ld
lt_cv_path_NM='/usr/bin/nm -B'
lt_cv_path_mainfest_tool=no
lt_cv_prog_compiler_c_o=yes
lt_cv_prog_compiler_pic='-fno-common -DPIC'
lt_cv_prog_compiler_pic_works=yes
lt_cv_prog_compiler_rtti_exceptions=yes
lt_cv_prog_compiler_static_works=no
lt_cv_prog_gnu_ld=no
lt_cv_sharedlib_from_linklib_cmd='printf %s\n'
lt_cv_sys_global_symbol_pipe='sed -n -e '\''s/^.*[	 ]\([BCDEGRST][BCDEGRST]*\)[	 ][	 ]*_\([_A-Za-z][_A-Za-z0-9]*\)$/\1 _\2 \2/p'\'' | sed '\''/ __gnu_lto/d'\'''
lt_cv_sys_global_symbol_to_c_name_address='sed -n -e '\''s/^: \(.*\) .*$/  {"\1", (void *) 0},/p'\'' -e '\''s/^[BCDEGRST][BCDEGRST]* .* \(.*\)$/  {"\1", (void *) \&\1},/p'\'''
lt_cv_sys_global_symbol_to_c_name_address_lib_prefix='sed -n -e '\''s/^: \(.*\) .*$/  {"\1", (void *) 0},/p'\'' -e '\''s/^[BCDEGRST][BCDEGRST]* .* \(lib.*\)$/  {"\1", (void *) \&\1},/p'\'' -e '\''s/^[BCDEGRST][BCDEGRST]* .* \(.*\)$/  {"lib\1", (void *) \&\1},/p'\'''
lt_cv_sys_global_symbol_to_cdecl='sed -n -e '\''s/^T .* \(.*\)$/extern int \1();/p'\'' -e '\''s/^[BCDEGRST][BCDEGRST]* .* \(.*\)$/extern char \1;/p'\'''
lt_cv_sys_global_symbol_to_import=
lt_cv_sys_max_cmd_len=196608
lt_cv_to_host_file_cmd=func_convert_file_noop
lt_cv_to_tool_file_cmd=func_convert_file_noop
lt_cv_truncate_bin='/bin/dd bs=4096 count=1'

## ----------------- ##
## Output variables. ##
## ----------------- ##

ACLOCAL='${SHELL} /Users/michael/Dropbox/MyProjects/python/speex-1.2.0/missing aclocal-1.15'
AMDEPBACKSLASH='\'
AMDEP_FALSE='#'
AMDEP_TRUE=''
AMTAR='$${TAR-tar}'
AM_BACKSLASH='\'
AM_DEFAULT_V='$(AM_DEFAULT_VERBOSITY)'
AM_DEFAULT_VERBOSITY='0'
AM_V='$(V)'
AR='ar'
AS='as'
AUTOCONF='${SHELL} /Users/michael/Dropbox/MyProjects/python/speex-1.2.0/missing autoconf'
AUTOHEADER='${SHELL} /Users/michael/Dropbox/MyProjects/python/speex-1.2.0/missing autoheader'
AUTOMAKE='${SHELL} /Users/michael/Dropbox/MyProjects/python/speex-1.2.0/missing automake-1.15'
AWK='awk'
BUILD_BINARIES_FALSE=''
BUILD_BINARIES_TRUE='#'
BUILD_KISS_FFT_FALSE=''
BUILD_KISS_FFT_TRUE='#'
BUILD_SMALLFT_FALSE='#'
BUILD_SMALLFT_TRUE=''
BUILD_VORBIS_PSY_FALSE=''
BUILD_VORBIS_PSY_TRUE='#'
CC='gcc'
CCDEPMODE='depmode=gcc3'
CFLAGS='-g -O2 -fvisibility=hidden -Wall'
CPP='gcc -E'
CPPFLAGS=''
CYGPATH_W='echo'
DEFS='-DHAVE_CONFIG_H'
DEPDIR='.deps'
DLLTOOL='dlltool'
DSYMUTIL='dsymutil'
DUMPBIN=''
ECHO_C='\c'
ECHO_N=''
ECHO_T=''
EGREP='/usr/bin/grep -E'
EXEEXT=''
FFT_CFLAGS=''
FFT_LIBS=''
FFT_PKGCONFIG=''
FGREP='/usr/bin/grep -F'
GREP='/usr/bin/grep'
INCLUDE_STDINT='#include <stdint.h>'
INSTALL_DATA='${INSTALL} -m 644'
INSTALL_PROGRAM='${INSTALL}'
INSTALL_SCRIPT='${INSTALL}'
INSTALL_STRIP_PROGRAM='$(install_sh) -c -s'
LD='/Applications/Xcode.app/Contents/Developer/Toolchains/XcodeDefault.xctoolchain/usr/bin/ld'
LDFLAGS=''
LIBM=''
LIBOBJS=''
LIBS=''
LIBTOOL='$(SHELL) $(top_builddir)/libtool'
LIPO='lipo'
LN_S='ln -s'
LTLIBOBJS=''
LT_SYS_LIBRARY_PATH=''
MAINT=''
MAINTAINER_MODE_FALSE='#'
MAINTAINER_MODE_TRUE=''
MAKEINFO='${SHELL} /Users/michael/Dropbox/MyProjects/python/speex-1.2.0/missing makeinfo'
MANIFEST_TOOL=':'
MKDIR_P='./install-sh -c -d'
NM='/usr/bin/nm -B'
NMEDIT='nmedit'
OBJDUMP='objdump'
OBJEXT='o'
OGG_CFLAGS=''
OGG_LIBS=''
OTOOL64=':'
OTOOL='otool'
PACKAGE='speex'
PACKAGE_BUGREPORT='speex-dev@xiph.org'
PACKAGE_NAME='speex'
PACKAGE_STRING='speex 1.2.0'
PACKAGE_TARNAME='speex'
PACKAGE_URL=''
PACKAGE_VERSION='1.2.0'
PATH_SEPARATOR=':'
PKG_CONFIG='/usr/local/bin/pkg-config'
PKG_CONFIG_LIBDIR=''
PKG_CONFIG_PATH=''
RANLIB='ranlib'
SED='/usr/bin/sed'
SET_MAKE=''
SHELL='/bin/sh'
SIZE16='int16_t'
SIZE32='int32_t'
SPEEXDSP_CFLAGS=''
SPEEXDSP_LIBS=''
SPEEX_LT_AGE='5'
SPEEX_LT_CURRENT='6'
SPEEX_LT_REVISION='1'
SPEEX_VERSION='1.2.0'
STRIP='strip'
USIZE16='uint16_t'
USIZE32='uint32_t'
VERSION='1.2.0'
WINMM_LIBS=''
ac_ct_AR='ar'
ac_ct_CC='gcc'
ac_ct_DUMPBIN=''
am__EXEEXT_FALSE=''
am__EXEEXT_TRUE='#'
am__fastdepCC_FALSE='#'
am__fastdepCC_TRUE=''
am__include='include'
am__isrc=''
am__leading_dot='.'
am__nodep='_no'
am__quote=''
am__tar='$${TAR-tar} chof - "$$tardir"'
am__untar='$${TAR-tar} xf -'
bindir='${exec_prefix}/bin'
build='x86_64-apple-darwin15.6.0'
build_alias=''
build_cpu='x86_64'
build_os='darwin15.6.0'
build_vendor='apple'
datadir='${datarootdir}'
datarootdir='${prefix}/share'
docdir='${datarootdir}/doc/${PACKAGE_TARNAME}'
dvidir='${docdir}'
exec_prefix='${prefix}'
host='x86_64-apple-darwin15.6.0'
host_alias=''
host_cpu='x86_64'
host_os='darwin15.6.0'
host_vendor='apple'
htmldir='${docdir}'
includedir='${prefix}/include'
infodir='${datarootdir}/info'
install_sh='${SHELL} /Users/michael/Dropbox/MyProjects/python/speex-1.2.0/install-sh'
libdir='${exec_prefix}/lib'
libexecdir='${exec_prefix}/libexec'
localedir='${datarootdir}/locale'
localstatedir='${prefix}/var'
mandir='${datarootdir}/man'
mkdir_p='$(MKDIR_P)'
oldincludedir='/usr/include'
pdfdir='${docdir}'
prefix='/Users/michael/Dropbox/MyProjects/python/speex-1.2.0'
program_transform_name='s,x,x,'
psdir='${docdir}'
runstatedir='${localstatedir}/run'
sbindir='${exec_prefix}/sbin'
sharedstatedir='${prefix}/com'
sysconfdir='${prefix}/etc'
target_alias=''

## ----------- ##
## confdefs.h. ##
## ----------- ##

/* confdefs.h */
#define PACKAGE_NAME "speex"
#define PACKAGE_TARNAME "speex"
#define PACKAGE_VERSION "1.2.0"
#define PACKAGE_STRING "speex 1.2.0"
#define PACKAGE_BUGREPORT "speex-dev@xiph.org"
#define PACKAGE_URL ""
#define STDC_HEADERS 1
#define HAVE_SYS_TYPES_H 1
#define HAVE_SYS_STAT_H 1
#define HAVE_STDLIB_H 1
#define HAVE_STRING_H 1
#define HAVE_MEMORY_H 1
#define HAVE_STRINGS_H 1
#define HAVE_INTTYPES_H 1
#define HAVE_STDINT_H 1
#define HAVE_UNISTD_H 1
#define HAVE_DLFCN_H 1
#define LT_OBJDIR ".libs/"
#define restrict __restrict
#define VAR_ARRAYS /**/
#define HAVE_ALLOCA_H 1
#define HAVE_GETOPT_H 1
#define EXPORT __attribute__((visibility("default")))
#define HAVE_GETOPT_LONG 1
#define SPEEX_VERSION "1.2.0"
#define SPEEX_MAJOR_VERSION 1
#define SPEEX_MINOR_VERSION 1
#define SPEEX_MICRO_VERSION 16
#define SPEEX_EXTRA_VERSION ""
#define FLOATING_POINT /**/
#define _USE_SSE /**/
#define USE_SMALLFT /**/
#define SIZEOF_INT16_T 2
#define SIZEOF_UINT16_T 2
#define SIZEOF_U_INT16_T 2
#define SIZEOF_INT32_T 4
#define SIZEOF_UINT32_T 4
#define SIZEOF_U_INT32_T 4
#define SIZEOF_SHORT 2
#define SIZEOF_INT 4
#define SIZEOF_LONG 8

configure: exit 0
